{
  "RSpec": {
    "coverage": {
      "/home/julia/workspace/desafio-sti/calculo-cr/config/environment.rb": {
        "lines": [
          null,
          1,
          null,
          null,
          1
        ]
      },
      "/home/julia/workspace/desafio-sti/calculo-cr/config/application.rb": {
        "lines": [
          1,
          null,
          1,
          null,
          null,
          null,
          1,
          null,
          1,
          1,
          null,
          1,
          null,
          null,
          null,
          null,
          1,
          null,
          null,
          null,
          null,
          null,
          null,
          null,
          null,
          null,
          null
        ]
      },
      "/home/julia/workspace/desafio-sti/calculo-cr/config/boot.rb": {
        "lines": [
          1,
          null,
          1,
          1
        ]
      },
      "/home/julia/workspace/desafio-sti/calculo-cr/config/environments/test.rb": {
        "lines": [
          null,
          null,
          null,
          null,
          null,
          1,
          null,
          null,
          null,
          1,
          null,
          null,
          null,
          null,
          null,
          1,
          null,
          null,
          1,
          null,
          null,
          1,
          1,
          null,
          null,
          1,
          null,
          null,
          1,
          null,
          null,
          1,
          null,
          null,
          null,
          null,
          1,
          null,
          null,
          1,
          null,
          null,
          1,
          null,
          null,
          null,
          null,
          null,
          null,
          null,
          null,
          1,
          null
        ]
      },
      "/home/julia/workspace/desafio-sti/calculo-cr/config/initializers/assets.rb": {
        "lines": [
          null,
          null,
          null,
          1,
          null,
          null,
          null
        ]
      },
      "/home/julia/workspace/desafio-sti/calculo-cr/config/initializers/content_security_policy.rb": {
        "lines": [
          null,
          null,
          null,
          null,
          null,
          null,
          null,
          null,
          null,
          null,
          null,
          null,
          null,
          null,
          null,
          null,
          null,
          null,
          null,
          null,
          null,
          null,
          null,
          null,
          null
        ]
      },
      "/home/julia/workspace/desafio-sti/calculo-cr/config/initializers/filter_parameter_logging.rb": {
        "lines": [
          null,
          null,
          null,
          null,
          null,
          1,
          null,
          null
        ]
      },
      "/home/julia/workspace/desafio-sti/calculo-cr/config/initializers/inflections.rb": {
        "lines": [
          null,
          null,
          null,
          null,
          null,
          null,
          null,
          null,
          null,
          null,
          null,
          null,
          null,
          null,
          null,
          null
        ]
      },
      "/home/julia/workspace/desafio-sti/calculo-cr/app/helpers/application_helper.rb": {
        "lines": [
          1,
          null
        ]
      },
      "/home/julia/workspace/desafio-sti/calculo-cr/spec/services/cursos/cr_calculator_spec.rb": {
        "lines": [
          1,
          1,
          1,
          1,
          1,
          1,
          1,
          1,
          1,
          1,
          1,
          1,
          null,
          null,
          1,
          1,
          null,
          null,
          null,
          null
        ]
      },
      "/home/julia/workspace/desafio-sti/calculo-cr/app/services/cursos/cr_calculator.rb": {
        "lines": [
          1,
          1,
          null,
          null,
          1,
          1,
          null,
          null,
          1,
          1,
          null,
          1,
          2,
          3,
          null,
          null,
          1,
          null,
          1,
          1,
          1,
          null,
          null,
          null
        ]
      },
      "/home/julia/workspace/desafio-sti/calculo-cr/app/models/curso.rb": {
        "lines": [
          1,
          1,
          null
        ]
      },
      "/home/julia/workspace/desafio-sti/calculo-cr/app/models/application_record.rb": {
        "lines": [
          1,
          1,
          null
        ]
      },
      "/home/julia/workspace/desafio-sti/calculo-cr/app/models/disciplina.rb": {
        "lines": [
          1,
          1,
          1,
          1,
          null
        ]
      },
      "/home/julia/workspace/desafio-sti/calculo-cr/app/models/aluno.rb": {
        "lines": [
          1,
          null,
          1,
          1,
          null
        ]
      },
      "/home/julia/workspace/desafio-sti/calculo-cr/app/models/aluno_disciplina.rb": {
        "lines": [
          1,
          1,
          1,
          null,
          null
        ]
      }
    },
    "timestamp": 1757388301
  }
}
